#
# A fatal error has been detected by the Java Runtime Environment:
#
#  SIGSEGV (0xb) at pc=0x000000010aa4c594, pid=4846, tid=0x0000000000004207
#
# JRE version: Java(TM) SE Runtime Environment (8.0_101-b13) (build 1.8.0_101-b13)
# Java VM: Java HotSpot(TM) 64-Bit Server VM (25.101-b13 mixed mode bsd-amd64 compressed oops)
# Problematic frame:
# V  [libjvm.dylib+0x44c594]  Method::checked_resolve_jmethod_id(_jmethodID*)+0xe
#
# Failed to write core dump. Core dumps have been disabled. To enable core dumping, try "ulimit -c unlimited" before starting Java again
#
# If you would like to submit a bug report, please visit:
#   http://bugreport.java.com/bugreport/crash.jsp
#

---------------  T H R E A D  ---------------

Current thread (0x00007fcfd4005000):  JavaThread "JDWP Transport Listener: dt_socket" daemon [_thread_in_vm, id=16903, stack(0x0000700005728000,0x0000700005828000)]

siginfo: si_signo: 11 (SIGSEGV), si_code: 0 (unknown), si_addr: 0x0000000000000000

Registers:
RAX=0x0000000000000001, RBX=0x0000700005827aab, RCX=0x000000010ae1f360, RDX=0x0000700005827aab
RSP=0x00007000058279f0, RBP=0x0000700005827a00, RSI=0x00007fcfd4005000, RDI=0x6d656c4564657461
R8 =0x0000000000000000, R9 =0x00007fcfd1c34030, R10=0x0000000000000001, R11=0x0000000000000001
R12=0x00007fcfd4005000, R13=0x6d656c4564657461, R14=0x6d656c4564657461, R15=0x00007fcfd3006aa0
RIP=0x000000010aa4c594, EFLAGS=0x0000000000010202, ERR=0x0000000000000000
  TRAPNO=0x000000000000000d

Top of Stack: (sp=0x00007000058279f0)
0x00007000058279f0:   0000700005827aab 0000700005827aab
0x0000700005827a00:   0000700005827a60 000000010a9580d2
0x0000700005827a10:   00007fcfd4005000 0000000000000000
0x0000700005827a20:   0000000000000000 0000000000000000
0x0000700005827a30:   00007fcfd4005000 00007fcfd4005000
0x0000700005827a40:   0000700005827aab 0000700005827ab0
0x0000700005827a50:   6d656c4564657461 0000000000000003
0x0000700005827a60:   0000700005827a80 000000010b5bd780
0x0000700005827a70:   0000000000000001 0000700005827b28
0x0000700005827a80:   0000700005827af0 000000010b5a21f3
0x0000700005827a90:   0000700005827ac0 00007fcfd1c31160
0x0000700005827aa0:   0000000600000032 f000100a01827b28
0x0000700005827ab0:   0000000000000000 0000000000000000
0x0000700005827ac0:   0000000000000000 0000700005827cb0
0x0000700005827ad0:   000000010b5c4e7a 00007fcfd351fa80
0x0000700005827ae0:   0000700005827b28 000000010b5d0598
0x0000700005827af0:   0000700005827b00 000000010b5a22ec
0x0000700005827b00:   0000700005827d20 000000010b5ab898
0x0000700005827b10:   0000376400000013 00000000000f0200
0x0000700005827b20:   00007fcfd1c545d0 0000700005827c5a
0x0000700005827b30:   000000000000004a 0000700005827b40
0x0000700005827b40:   00000000000000e2 0000700005827b78
0x0000700005827b50:   0000000000000000 00007f0000000000
0x0000700005827b60:   000037640000001c 00007fcf00004780
0x0000700005827b70:   0000700005827b78 cf7f000006000000
0x0000700005827b80:   0600000068df12d3 00003e74696e693c
0x0000700005827b90:   0000005629280300 7f00000100000000
0x0000700005827ba0:   00000098df12d3cf 497365746f75510d
0x0000700005827bb0:   0000646e756f626e 2f6d6f634c285600
0x0000700005827bc0:   2f72656b63617274 65622f6563697270
0x0000700005827bd0:   65746972432f6e61 6f634c293b616972
0x0000700005827be0:   656b636172742f6d 2f65636972702f72 

Instructions: (pc=0x000000010aa4c594)
0x000000010aa4c574:   40 48 48 85 c0 75 e0 30 c0 0f b6 c0 5d c3 31 c0
0x000000010aa4c584:   5d c3 55 48 89 e5 53 48 83 ec 08 48 85 ff 74 24
0x000000010aa4c594:   48 8b 1f 48 85 db 74 1c 48 83 fb 37 74 16 48 8b
0x000000010aa4c5a4:   03 48 89 df ff 50 10 84 c0 b8 00 00 00 00 48 0f 

Register to memory mapping:

RAX=0x0000000000000001 is an unknown value
RBX=0x0000700005827aab is pointing into the stack for thread: 0x00007fcfd4005000
RCX=0x000000010ae1f360: UseMembar+0 in /Library/Java/JavaVirtualMachines/jdk1.8.0_101.jdk/Contents/Home/jre/lib/server/libjvm.dylib at 0x000000010a600000
RDX=0x0000700005827aab is pointing into the stack for thread: 0x00007fcfd4005000
RSP=0x00007000058279f0 is pointing into the stack for thread: 0x00007fcfd4005000
RBP=0x0000700005827a00 is pointing into the stack for thread: 0x00007fcfd4005000
RSI=0x00007fcfd4005000 is a thread
RDI=0x6d656c4564657461 is an unknown value
R8 =0x0000000000000000 is an unknown value
R9 =0x00007fcfd1c34030 is an unknown value
R10=0x0000000000000001 is an unknown value
R11=0x0000000000000001 is an unknown value
R12=0x00007fcfd4005000 is a thread
R13=0x6d656c4564657461 is an unknown value
R14=0x6d656c4564657461 is an unknown value
R15=0x00007fcfd3006aa0 is an unknown value


Stack: [0x0000700005728000,0x0000700005828000],  sp=0x00007000058279f0,  free space=1022k
Native frames: (J=compiled Java code, j=interpreted, Vv=VM code, C=native code)
V  [libjvm.dylib+0x44c594]  Method::checked_resolve_jmethod_id(_jmethodID*)+0xe
V  [libjvm.dylib+0x3580d2]  jvmti_IsMethodSynthetic+0xb2
C  [libjdwp.dylib+0x20780]  isMethodSynthetic+0x63
C  [libjdwp.dylib+0x51f3]  methods1+0x10b
C  [libjdwp.dylib+0x52ec]  methodsWithGeneric+0xe
C  [libjdwp.dylib+0xe898]  debugLoop_run+0x1ce
C  [libjdwp.dylib+0x1f6ba]  attachThread+0x4d
V  [libjvm.dylib+0x399438]  JvmtiAgentThread::call_start_function()+0x38
V  [libjvm.dylib+0x5695ab]  JavaThread::thread_main_inner()+0x9b
V  [libjvm.dylib+0x56ac98]  JavaThread::run()+0x1c2
V  [libjvm.dylib+0x48933a]  java_start(Thread*)+0xf6
C  [libsystem_pthread.dylib+0x32eb]  _pthread_body+0x7e
C  [libsystem_pthread.dylib+0x6249]  _pthread_start+0x42
C  [libsystem_pthread.dylib+0x240d]  thread_start+0xd
C  0x0000000000000000


---------------  P R O C E S S  ---------------

Java Threads: ( => current thread )
  0x00007fcfd58c1800 JavaThread "Thread-4" daemon [_thread_blocked, id=2823, stack(0x0000700007073000,0x0000700007173000)]
  0x00007fcfd9b06800 JavaThread "DestroyJavaVM" [_thread_blocked, id=9987, stack(0x0000700004a01000,0x0000700004b01000)]
  0x00007fcfd8df8000 JavaThread "http-nio-8080-Acceptor" daemon [_thread_in_native, id=38915, stack(0x0000700006f70000,0x0000700007070000)]
  0x00007fcfd8df7000 JavaThread "http-nio-8080-ClientPoller" daemon [_thread_in_native, id=26115, stack(0x0000700006e6d000,0x0000700006f6d000)]
  0x00007fcfd49a5000 JavaThread "http-nio-8080-exec-10" daemon [_thread_blocked, id=39171, stack(0x0000700006d6a000,0x0000700006e6a000)]
  0x00007fcfd9b18800 JavaThread "http-nio-8080-exec-9" daemon [_thread_blocked, id=39683, stack(0x0000700006c67000,0x0000700006d67000)]
  0x00007fcfda171000 JavaThread "http-nio-8080-exec-8" daemon [_thread_blocked, id=25347, stack(0x0000700006b64000,0x0000700006c64000)]
  0x00007fcfd9b17800 JavaThread "http-nio-8080-exec-7" daemon [_thread_blocked, id=25091, stack(0x0000700006a61000,0x0000700006b61000)]
  0x00007fcfd5c61000 JavaThread "http-nio-8080-exec-6" daemon [_thread_blocked, id=24835, stack(0x000070000695e000,0x0000700006a5e000)]
  0x00007fcfd9b17000 JavaThread "http-nio-8080-exec-5" daemon [_thread_blocked, id=24579, stack(0x000070000685b000,0x000070000695b000)]
  0x00007fcfd8704000 JavaThread "http-nio-8080-exec-4" daemon [_thread_blocked, id=40707, stack(0x0000700006758000,0x0000700006858000)]
  0x00007fcfd4731000 JavaThread "http-nio-8080-exec-3" daemon [_thread_blocked, id=40963, stack(0x0000700006655000,0x0000700006755000)]
  0x00007fcfd9b16000 JavaThread "http-nio-8080-exec-2" daemon [_thread_blocked, id=41475, stack(0x0000700006552000,0x0000700006652000)]
  0x00007fcfd8ddf800 JavaThread "http-nio-8080-exec-1" daemon [_thread_blocked, id=41731, stack(0x000070000644f000,0x000070000654f000)]
  0x00007fcfd4a06000 JavaThread "http-nio-8080-BlockPoller" daemon [_thread_in_native, id=42243, stack(0x000070000634c000,0x000070000644c000)]
  0x00007fcfd49fe800 JavaThread "container-0" [_thread_blocked, id=42499, stack(0x0000700006249000,0x0000700006349000)]
  0x00007fcfd5bfd800 JavaThread "Catalina-utility-2" [_thread_blocked, id=23303, stack(0x0000700006146000,0x0000700006246000)]
  0x00007fcfd9293800 JavaThread "Catalina-utility-1" [_thread_blocked, id=22791, stack(0x0000700006043000,0x0000700006143000)]
  0x00007fcfd39c8800 JavaThread "Service Thread" daemon [_thread_blocked, id=22275, stack(0x0000700005e3d000,0x0000700005f3d000)]
  0x00007fcfd50f2000 JavaThread "C1 CompilerThread3" daemon [_thread_blocked, id=21763, stack(0x0000700005d3a000,0x0000700005e3a000)]
  0x00007fcfd50f1000 JavaThread "C2 CompilerThread2" daemon [_thread_blocked, id=15363, stack(0x0000700005c37000,0x0000700005d37000)]
  0x00007fcfd39c7800 JavaThread "C2 CompilerThread1" daemon [_thread_blocked, id=14595, stack(0x0000700005b34000,0x0000700005c34000)]
  0x00007fcfd200b800 JavaThread "C2 CompilerThread0" daemon [_thread_blocked, id=14339, stack(0x0000700005a31000,0x0000700005b31000)]
  0x00007fcfd4006000 JavaThread "JDWP Command Reader" daemon [_thread_in_native, id=15875, stack(0x000070000592e000,0x0000700005a2e000)]
  0x00007fcfd5800000 JavaThread "JDWP Event Helper Thread" daemon [_thread_blocked, id=16387, stack(0x000070000582b000,0x000070000592b000)]
=>0x00007fcfd4005000 JavaThread "JDWP Transport Listener: dt_socket" daemon [_thread_in_vm, id=16903, stack(0x0000700005728000,0x0000700005828000)]
  0x00007fcfd3850800 JavaThread "Signal Dispatcher" daemon [_thread_blocked, id=17155, stack(0x0000700005625000,0x0000700005725000)]
  0x00007fcfd384d800 JavaThread "Finalizer" daemon [_thread_blocked, id=12547, stack(0x0000700005522000,0x0000700005622000)]
  0x00007fcfd2004800 JavaThread "Reference Handler" daemon [_thread_blocked, id=19203, stack(0x000070000541f000,0x000070000551f000)]

Other Threads:
  0x00007fcfd280a000 VMThread [stack: 0x000070000531c000,0x000070000541c000] [id=19459]
  0x00007fcfd39cb000 WatcherThread [stack: 0x0000700005f40000,0x0000700006040000] [id=43011]

VM state:not at safepoint (normal execution)

VM Mutex/Monitor currently owned by a thread: None

Heap:
 PSYoungGen      total 214528K, used 91527K [0x000000076ab00000, 0x0000000781280000, 0x00000007c0000000)
  eden space 203264K, 45% used [0x000000076ab00000,0x0000000770461d30,0x0000000777180000)
  from space 11264K, 0% used [0x0000000777180000,0x0000000777180000,0x0000000777c80000)
  to   space 10752K, 0% used [0x0000000780800000,0x0000000780800000,0x0000000781280000)
 ParOldGen       total 134144K, used 11764K [0x00000006c0000000, 0x00000006c8300000, 0x000000076ab00000)
  object space 134144K, 8% used [0x00000006c0000000,0x00000006c0b7d2e8,0x00000006c8300000)
 Metaspace       used 40232K, capacity 41932K, committed 42112K, reserved 1085440K
  class space    used 5048K, capacity 5383K, committed 5504K, reserved 1048576K

Card table byte_map: [0x000000010ba45000,0x000000010c246000] byte_map_base: 0x0000000108445000

Marking Bits: (ParMarkBitMap*) 0x000000010aeedd20
 Begin Bits: [0x000000011dabf000, 0x0000000121abf000)
 End Bits:   [0x0000000121abf000, 0x0000000125abf000)

Polling page: 0x00000001095ec000

CodeCache: size=245760Kb used=14142Kb max_used=15997Kb free=231617Kb
 bounds [0x000000010eabf000, 0x000000010fa6f000, 0x000000011dabf000]
 total_blobs=4024 nmethods=3550 adapters=395
 compilation: enabled

Compilation events (10 events):
Event: 322.862 Thread 0x00007fcfd50f2000 3902       1       org.apache.catalina.core.ContainerBase::getBackgroundProcessorDelay (5 bytes)
Event: 322.862 Thread 0x00007fcfd50f2000 nmethod 3902 0x000000010ec898d0 code [0x000000010ec89a20, 0x000000010ec89b30]
Event: 372.087 Thread 0x00007fcfd50f1000 3903       4       java.util.Collections$UnmodifiableCollection$1::hasNext (10 bytes)
Event: 372.088 Thread 0x00007fcfd50f1000 nmethod 3903 0x000000010f40fc10 code [0x000000010f40fd60, 0x000000010f40fdf8]
Event: 372.868 Thread 0x00007fcfd50f2000 3904       3       org.apache.catalina.valves.ValveBase::backgroundProcess (1 bytes)
Event: 372.869 Thread 0x00007fcfd50f2000 nmethod 3904 0x000000010ec3bd50 code [0x000000010ec3bea0, 0x000000010ec3bff0]
Event: 378.351 Thread 0x00007fcfd39c7800 3905       4       java.util.concurrent.locks.ReentrantLock$Sync::tryRelease (45 bytes)
Event: 378.353 Thread 0x00007fcfd39c7800 nmethod 3905 0x000000010ebf4190 code [0x000000010ebf42e0, 0x000000010ebf4398]
Event: 386.106 Thread 0x00007fcfd50f2000 3906       3       org.apache.tomcat.util.net.NioEndpoint::access$200 (5 bytes)
Event: 386.106 Thread 0x00007fcfd50f2000 nmethod 3906 0x000000010eccdb50 code [0x000000010eccdca0, 0x000000010eccddd0]

GC Heap History (10 events):
Event: 1.493 GC heap before
{Heap before GC invocations=5 (full 1):
 PSYoungGen      total 141824K, used 6760K [0x000000076ab00000, 0x0000000774000000, 0x00000007c0000000)
  eden space 131072K, 0% used [0x000000076ab00000,0x000000076ab00000,0x0000000772b00000)
  from space 10752K, 62% used [0x0000000773580000,0x0000000773c1a2c0,0x0000000774000000)
  to   space 10752K, 0% used [0x0000000772b00000,0x0000000772b00000,0x0000000773580000)
 ParOldGen       total 175104K, used 40K [0x00000006c0000000, 0x00000006cab00000, 0x000000076ab00000)
  object space 175104K, 0% used [0x00000006c0000000,0x00000006c000a000,0x00000006cab00000)
 Metaspace       used 20779K, capacity 21214K, committed 21296K, reserved 1069056K
  class space    used 2568K, capacity 2688K, committed 2688K, reserved 1048576K
Event: 1.517 GC heap after
Heap after GC invocations=5 (full 1):
 PSYoungGen      total 141824K, used 0K [0x000000076ab00000, 0x0000000774000000, 0x00000007c0000000)
  eden space 131072K, 0% used [0x000000076ab00000,0x000000076ab00000,0x0000000772b00000)
  from space 10752K, 0% used [0x0000000773580000,0x0000000773580000,0x0000000774000000)
  to   space 10752K, 0% used [0x0000000772b00000,0x0000000772b00000,0x0000000773580000)
 ParOldGen       total 97280K, used 6474K [0x00000006c0000000, 0x00000006c5f00000, 0x000000076ab00000)
  object space 97280K, 6% used [0x00000006c0000000,0x00000006c06528e0,0x00000006c5f00000)
 Metaspace       used 20777K, capacity 21208K, committed 21296K, reserved 1069056K
  class space    used 2568K, capacity 2687K, committed 2688K, reserved 1048576K
}
Event: 2.319 GC heap before
{Heap before GC invocations=6 (full 1):
 PSYoungGen      total 141824K, used 131072K [0x000000076ab00000, 0x0000000774000000, 0x00000007c0000000)
  eden space 131072K, 100% used [0x000000076ab00000,0x0000000772b00000,0x0000000772b00000)
  from space 10752K, 0% used [0x0000000773580000,0x0000000773580000,0x0000000774000000)
  to   space 10752K, 0% used [0x0000000772b00000,0x0000000772b00000,0x0000000773580000)
 ParOldGen       total 97280K, used 6474K [0x00000006c0000000, 0x00000006c5f00000, 0x000000076ab00000)
  object space 97280K, 6% used [0x00000006c0000000,0x00000006c06528e0,0x00000006c5f00000)
 Metaspace       used 28116K, capacity 28882K, committed 29056K, reserved 1075200K
  class space    used 3501K, capacity 3706K, committed 3712K, reserved 1048576K
Event: 2.327 GC heap after
Heap after GC invocations=6 (full 1):
 PSYoungGen      total 141824K, used 8804K [0x000000076ab00000, 0x0000000778680000, 0x00000007c0000000)
  eden space 131072K, 0% used [0x000000076ab00000,0x000000076ab00000,0x0000000772b00000)
  from space 10752K, 81% used [0x0000000772b00000,0x0000000773399038,0x0000000773580000)
  to   space 8704K, 0% used [0x0000000777e00000,0x0000000777e00000,0x0000000778680000)
 ParOldGen       total 97280K, used 6546K [0x00000006c0000000, 0x00000006c5f00000, 0x000000076ab00000)
  object space 97280K, 6% used [0x00000006c0000000,0x00000006c06648f0,0x00000006c5f00000)
 Metaspace       used 28116K, capacity 28882K, committed 29056K, reserved 1075200K
  class space    used 3501K, capacity 3706K, committed 3712K, reserved 1048576K
}
Event: 3.188 GC heap before
{Heap before GC invocations=7 (full 1):
 PSYoungGen      total 141824K, used 139876K [0x000000076ab00000, 0x0000000778680000, 0x00000007c0000000)
  eden space 131072K, 100% used [0x000000076ab00000,0x0000000772b00000,0x0000000772b00000)
  from space 10752K, 81% used [0x0000000772b00000,0x0000000773399038,0x0000000773580000)
  to   space 8704K, 0% used [0x0000000777e00000,0x0000000777e00000,0x0000000778680000)
 ParOldGen       total 97280K, used 6546K [0x00000006c0000000, 0x00000006c5f00000, 0x000000076ab00000)
  object space 97280K, 6% used [0x00000006c0000000,0x00000006c06648f0,0x00000006c5f00000)
 Metaspace       used 33563K, capacity 35004K, committed 35200K, reserved 1079296K
  class space    used 4185K, capacity 4459K, committed 4480K, reserved 1048576K
Event: 3.198 GC heap after
Heap after GC invocations=7 (full 1):
 PSYoungGen      total 211968K, used 8679K [0x000000076ab00000, 0x0000000778780000, 0x00000007c0000000)
  eden space 203264K, 0% used [0x000000076ab00000,0x000000076ab00000,0x0000000777180000)
  from space 8704K, 99% used [0x0000000777e00000,0x0000000778679df0,0x0000000778680000)
  to   space 11264K, 0% used [0x0000000777180000,0x0000000777180000,0x0000000777c80000)
 ParOldGen       total 97280K, used 9236K [0x00000006c0000000, 0x00000006c5f00000, 0x000000076ab00000)
  object space 97280K, 9% used [0x00000006c0000000,0x00000006c09053a0,0x00000006c5f00000)
 Metaspace       used 33563K, capacity 35004K, committed 35200K, reserved 1079296K
  class space    used 4185K, capacity 4459K, committed 4480K, reserved 1048576K
}
Event: 3.262 GC heap before
{Heap before GC invocations=8 (full 1):
 PSYoungGen      total 211968K, used 19891K [0x000000076ab00000, 0x0000000778780000, 0x00000007c0000000)
  eden space 203264K, 5% used [0x000000076ab00000,0x000000076b5f3088,0x0000000777180000)
  from space 8704K, 99% used [0x0000000777e00000,0x0000000778679df0,0x0000000778680000)
  to   space 11264K, 0% used [0x0000000777180000,0x0000000777180000,0x0000000777c80000)
 ParOldGen       total 97280K, used 9236K [0x00000006c0000000, 0x00000006c5f00000, 0x000000076ab00000)
  object space 97280K, 9% used [0x00000006c0000000,0x00000006c09053a0,0x00000006c5f00000)
 Metaspace       used 33896K, capacity 35364K, committed 35496K, reserved 1081344K
  class space    used 4235K, capacity 4505K, committed 4608K, reserved 1048576K
Event: 3.269 GC heap after
Heap after GC invocations=8 (full 1):
 PSYoungGen      total 214528K, used 7764K [0x000000076ab00000, 0x0000000781280000, 0x00000007c0000000)
  eden space 203264K, 0% used [0x000000076ab00000,0x000000076ab00000,0x0000000777180000)
  from space 11264K, 68% used [0x0000000777180000,0x0000000777915050,0x0000000777c80000)
  to   space 10752K, 0% used [0x0000000780800000,0x0000000780800000,0x0000000781280000)
 ParOldGen       total 97280K, used 9244K [0x00000006c0000000, 0x00000006c5f00000, 0x000000076ab00000)
  object space 97280K, 9% used [0x00000006c0000000,0x00000006c09073a0,0x00000006c5f00000)
 Metaspace       used 33896K, capacity 35364K, committed 35496K, reserved 1081344K
  class space    used 4235K, capacity 4505K, committed 4608K, reserved 1048576K
}
Event: 3.269 GC heap before
{Heap before GC invocations=9 (full 2):
 PSYoungGen      total 214528K, used 7764K [0x000000076ab00000, 0x0000000781280000, 0x00000007c0000000)
  eden space 203264K, 0% used [0x000000076ab00000,0x000000076ab00000,0x0000000777180000)
  from space 11264K, 68% used [0x0000000777180000,0x0000000777915050,0x0000000777c80000)
  to   space 10752K, 0% used [0x0000000780800000,0x0000000780800000,0x0000000781280000)
 ParOldGen       total 97280K, used 9244K [0x00000006c0000000, 0x00000006c5f00000, 0x000000076ab00000)
  object space 97280K, 9% used [0x00000006c0000000,0x00000006c09073a0,0x00000006c5f00000)
 Metaspace       used 33896K, capacity 35364K, committed 35496K, reserved 1081344K
  class space    used 4235K, capacity 4505K, committed 4608K, reserved 1048576K
Event: 3.307 GC heap after
Heap after GC invocations=9 (full 2):
 PSYoungGen      total 214528K, used 0K [0x000000076ab00000, 0x0000000781280000, 0x00000007c0000000)
  eden space 203264K, 0% used [0x000000076ab00000,0x000000076ab00000,0x0000000777180000)
  from space 11264K, 0% used [0x0000000777180000,0x0000000777180000,0x0000000777c80000)
  to   space 10752K, 0% used [0x0000000780800000,0x0000000780800000,0x0000000781280000)
 ParOldGen       total 134144K, used 11764K [0x00000006c0000000, 0x00000006c8300000, 0x000000076ab00000)
  object space 134144K, 8% used [0x00000006c0000000,0x00000006c0b7d2e8,0x00000006c8300000)
 Metaspace       used 33896K, capacity 35364K, committed 35496K, reserved 1081344K
  class space    used 4235K, capacity 4505K, committed 4608K, reserved 1048576K
}

Deoptimization events (10 events):
Event: 7.967 Thread 0x00007fcfd8ddf800 Uncommon trap: reason=unhandled action=none pc=0x000000010f39ac84 method=java.net.URLClassLoader.findClass(Ljava/lang/String;)Ljava/lang/Class; @ 44
Event: 7.970 Thread 0x00007fcfd8ddf800 Uncommon trap: reason=range_check action=none pc=0x000000010ee45c6c method=sun.reflect.generics.parser.SignatureParser.current()C @ 34
Event: 7.970 Thread 0x00007fcfd8ddf800 Uncommon trap: reason=range_check action=none pc=0x000000010ee45c6c method=sun.reflect.generics.parser.SignatureParser.current()C @ 34
Event: 7.971 Thread 0x00007fcfd8ddf800 Uncommon trap: reason=range_check action=none pc=0x000000010ee45c6c method=sun.reflect.generics.parser.SignatureParser.current()C @ 34
Event: 7.972 Thread 0x00007fcfd8ddf800 Uncommon trap: reason=range_check action=none pc=0x000000010ee45c6c method=sun.reflect.generics.parser.SignatureParser.current()C @ 34
Event: 7.973 Thread 0x00007fcfd8ddf800 Uncommon trap: reason=unhandled action=none pc=0x000000010f39ac84 method=java.net.URLClassLoader.findClass(Ljava/lang/String;)Ljava/lang/Class; @ 44
Event: 12.412 Thread 0x00007fcfd58c1800 Uncommon trap: reason=unhandled action=none pc=0x000000010f39ac84 method=java.net.URLClassLoader.findClass(Ljava/lang/String;)Ljava/lang/Class; @ 44
Event: 12.413 Thread 0x00007fcfd58c1800 Uncommon trap: reason=unhandled action=none pc=0x000000010f39ac84 method=java.net.URLClassLoader.findClass(Ljava/lang/String;)Ljava/lang/Class; @ 44
Event: 12.800 Thread 0x00007fcfd5bfd800 Uncommon trap: reason=unhandled action=none pc=0x000000010f39ac84 method=java.net.URLClassLoader.findClass(Ljava/lang/String;)Ljava/lang/Class; @ 44
Event: 12.801 Thread 0x00007fcfd5bfd800 Uncommon trap: reason=unhandled action=none pc=0x000000010f39ac84 method=java.net.URLClassLoader.findClass(Ljava/lang/String;)Ljava/lang/Class; @ 44

Internal exceptions (10 events):
Event: 7.954 Thread 0x00007fcfd8ddf800 Exception <a 'java/lang/ArrayIndexOutOfBoundsException': 52> (0x000000076fd43548) thrown at [/HUDSON3/workspace/8-2-build-macosx-x86_64/jdk8u101/7261/hotspot/src/share/vm/interpreter/interpreterRuntime.cpp, line 366]
Event: 7.956 Thread 0x00007fcfd8ddf800 Exception <a 'java/lang/ArrayIndexOutOfBoundsException': 31> (0x000000076fd5de50) thrown at [/HUDSON3/workspace/8-2-build-macosx-x86_64/jdk8u101/7261/hotspot/src/share/vm/interpreter/interpreterRuntime.cpp, line 366]
Event: 7.956 Thread 0x00007fcfd8ddf800 Exception <a 'java/lang/ArrayIndexOutOfBoundsException': 31> (0x000000076fd61aa0) thrown at [/HUDSON3/workspace/8-2-build-macosx-x86_64/jdk8u101/7261/hotspot/src/share/vm/interpreter/interpreterRuntime.cpp, line 366]
Event: 7.957 Thread 0x00007fcfd8ddf800 Exception <a 'java/lang/ArrayIndexOutOfBoundsException': 31> (0x000000076fd65410) thrown at [/HUDSON3/workspace/8-2-build-macosx-x86_64/jdk8u101/7261/hotspot/src/share/vm/interpreter/interpreterRuntime.cpp, line 366]
Event: 7.957 Thread 0x00007fcfd8ddf800 Exception <a 'java/lang/ArrayIndexOutOfBoundsException': 31> (0x000000076fd68d80) thrown at [/HUDSON3/workspace/8-2-build-macosx-x86_64/jdk8u101/7261/hotspot/src/share/vm/interpreter/interpreterRuntime.cpp, line 366]
Event: 7.959 Thread 0x00007fcfd8ddf800 Exception <a 'java/lang/ArrayIndexOutOfBoundsException': 61> (0x000000076fd7b828) thrown at [/HUDSON3/workspace/8-2-build-macosx-x86_64/jdk8u101/7261/hotspot/src/share/vm/interpreter/interpreterRuntime.cpp, line 366]
Event: 7.970 Thread 0x00007fcfd8ddf800 Exception <a 'java/lang/ArrayIndexOutOfBoundsException': 40> (0x000000076fee9870) thrown at [/HUDSON3/workspace/8-2-build-macosx-x86_64/jdk8u101/7261/hotspot/src/share/vm/interpreter/interpreterRuntime.cpp, line 366]
Event: 7.970 Thread 0x00007fcfd8ddf800 Exception <a 'java/lang/ArrayIndexOutOfBoundsException': 31> (0x000000076feed660) thrown at [/HUDSON3/workspace/8-2-build-macosx-x86_64/jdk8u101/7261/hotspot/src/share/vm/interpreter/interpreterRuntime.cpp, line 366]
Event: 7.971 Thread 0x00007fcfd8ddf800 Exception <a 'java/lang/ArrayIndexOutOfBoundsException': 40> (0x000000076fef5e20) thrown at [/HUDSON3/workspace/8-2-build-macosx-x86_64/jdk8u101/7261/hotspot/src/share/vm/interpreter/interpreterRuntime.cpp, line 366]
Event: 7.972 Thread 0x00007fcfd8ddf800 Exception <a 'java/lang/ArrayIndexOutOfBoundsException': 83> (0x000000076ff05298) thrown at [/HUDSON3/workspace/8-2-build-macosx-x86_64/jdk8u101/7261/hotspot/src/share/vm/interpreter/interpreterRuntime.cpp, line 366]

Events (10 events):
Event: 407.427 Executing VM operation: EnterInterpOnlyMode
Event: 407.427 Executing nested VM operation: Deoptimize
Event: 407.428 Executing nested VM operation: Deoptimize done
Event: 407.428 Executing VM operation: EnterInterpOnlyMode done
Event: 407.428 Executing VM operation: ChangeSingleStep
Event: 407.428 Executing VM operation: ChangeSingleStep done
Event: 407.428 Executing VM operation: ChangeSingleStep
Event: 407.428 Executing VM operation: ChangeSingleStep done
Event: 407.437 Executing VM operation: RedefineClasses
Event: 407.464 Executing VM operation: RedefineClasses done


Dynamic libraries:
0x000000000ad84000 	/System/Library/Frameworks/Cocoa.framework/Versions/A/Cocoa
0x000000000ad84000 	/System/Library/Frameworks/Security.framework/Versions/A/Security
0x000000000ad84000 	/System/Library/Frameworks/ApplicationServices.framework/Versions/A/ApplicationServices
0x000000000ad84000 	/usr/lib/libz.1.dylib
0x000000000ad84000 	/usr/lib/libSystem.B.dylib
0x000000000ad84000 	/usr/lib/libobjc.A.dylib
0x000000000ad84000 	/System/Library/Frameworks/CoreFoundation.framework/Versions/A/CoreFoundation
0x000000000ad84000 	/System/Library/Frameworks/Foundation.framework/Versions/C/Foundation
0x000000000ad84000 	/System/Library/Frameworks/AppKit.framework/Versions/C/AppKit
0x000000000ad84000 	/System/Library/Frameworks/CoreData.framework/Versions/A/CoreData
0x000000000ad84000 	/System/Library/PrivateFrameworks/RemoteViewServices.framework/Versions/A/RemoteViewServices
0x000000000ad84000 	/System/Library/PrivateFrameworks/UIFoundation.framework/Versions/A/UIFoundation
0x000000000ad84000 	/System/Library/PrivateFrameworks/XCTTargetBootstrap.framework/Versions/A/XCTTargetBootstrap
0x000000000ad84000 	/System/Library/Frameworks/CoreDisplay.framework/Versions/A/CoreDisplay
0x000000000ad84000 	/System/Library/PrivateFrameworks/IconServices.framework/Versions/A/IconServices
0x000000000ad84000 	/System/Library/Frameworks/Metal.framework/Versions/A/Metal
0x000000000ad84000 	/System/Library/PrivateFrameworks/DesktopServicesPriv.framework/Versions/A/DesktopServicesPriv
0x000000000ad84000 	/usr/lib/libenergytrace.dylib
0x000000000ad84000 	/System/Library/PrivateFrameworks/SkyLight.framework/Versions/A/SkyLight
0x000000000ad84000 	/System/Library/Frameworks/CoreGraphics.framework/Versions/A/CoreGraphics
0x000000000ad84000 	/System/Library/Frameworks/Accelerate.framework/Versions/A/Accelerate
0x000000000ad84000 	/System/Library/Frameworks/IOSurface.framework/Versions/A/IOSurface
0x000000000ad84000 	/System/Library/PrivateFrameworks/DFRFoundation.framework/Versions/A/DFRFoundation
0x000000000ad84000 	/System/Library/Frameworks/AudioToolbox.framework/Versions/A/AudioToolbox
0x000000000ad84000 	/System/Library/Frameworks/AudioUnit.framework/Versions/A/AudioUnit
0x000000000ad84000 	/System/Library/PrivateFrameworks/DataDetectorsCore.framework/Versions/A/DataDetectorsCore
0x000000000ad84000 	/System/Library/Frameworks/Carbon.framework/Versions/A/Frameworks/HIToolbox.framework/Versions/A/HIToolbox
0x000000000ad84000 	/usr/lib/libicucore.A.dylib
0x000000000ad84000 	/System/Library/Frameworks/QuartzCore.framework/Versions/A/QuartzCore
0x000000000ad84000 	/System/Library/Frameworks/Carbon.framework/Versions/A/Frameworks/SpeechRecognition.framework/Versions/A/SpeechRecognition
0x000000000ad84000 	/usr/lib/libauto.dylib
0x000000000ad84000 	/usr/lib/libxml2.2.dylib
0x000000000ad84000 	/System/Library/PrivateFrameworks/CoreUI.framework/Versions/A/CoreUI
0x000000000ad84000 	/System/Library/Frameworks/CoreAudio.framework/Versions/A/CoreAudio
0x000000000ad84000 	/System/Library/Frameworks/DiskArbitration.framework/Versions/A/DiskArbitration
0x000000000ad84000 	/usr/lib/liblangid.dylib
0x000000000ad84000 	/System/Library/PrivateFrameworks/MultitouchSupport.framework/Versions/A/MultitouchSupport
0x000000000ad84000 	/System/Library/Frameworks/IOKit.framework/Versions/A/IOKit
0x000000000ad84000 	/usr/lib/libDiagnosticMessagesClient.dylib
0x000000000ad84000 	/System/Library/Frameworks/CoreServices.framework/Versions/A/CoreServices
0x000000000ad84000 	/System/Library/PrivateFrameworks/PerformanceAnalysis.framework/Versions/A/PerformanceAnalysis
0x000000000ad84000 	/System/Library/Frameworks/OpenGL.framework/Versions/A/OpenGL
0x000000000ad84000 	/System/Library/Frameworks/ColorSync.framework/Versions/A/ColorSync
0x000000000ad84000 	/System/Library/Frameworks/CoreImage.framework/Versions/A/CoreImage
0x000000000ad84000 	/System/Library/Frameworks/CoreText.framework/Versions/A/CoreText
0x000000000ad84000 	/System/Library/Frameworks/ImageIO.framework/Versions/A/ImageIO
0x000000000ad84000 	/System/Library/PrivateFrameworks/Backup.framework/Versions/A/Backup
0x000000000ad84000 	/usr/lib/libarchive.2.dylib
0x000000000ad84000 	/System/Library/Frameworks/CFNetwork.framework/Versions/A/CFNetwork
0x000000000ad84000 	/System/Library/Frameworks/SystemConfiguration.framework/Versions/A/SystemConfiguration
0x000000000ad84000 	/usr/lib/libCRFSuite.dylib
0x000000000ad84000 	/usr/lib/libc++.1.dylib
0x000000000ad84000 	/usr/lib/libc++abi.dylib
0x000000000ad84000 	/usr/lib/system/libcache.dylib
0x000000000ad84000 	/usr/lib/system/libcommonCrypto.dylib
0x000000000ad84000 	/usr/lib/system/libcompiler_rt.dylib
0x000000000ad84000 	/usr/lib/system/libcopyfile.dylib
0x000000000ad84000 	/usr/lib/system/libcorecrypto.dylib
0x000000000ad84000 	/usr/lib/system/libdispatch.dylib
0x000000000ad84000 	/usr/lib/system/libdyld.dylib
0x000000000ad84000 	/usr/lib/system/libkeymgr.dylib
0x000000000ad84000 	/usr/lib/system/liblaunch.dylib
0x000000000ad84000 	/usr/lib/system/libmacho.dylib
0x000000000ad84000 	/usr/lib/system/libquarantine.dylib
0x000000000ad84000 	/usr/lib/system/libremovefile.dylib
0x000000000ad84000 	/usr/lib/system/libsystem_asl.dylib
0x000000000ad84000 	/usr/lib/system/libsystem_blocks.dylib
0x000000000ad84000 	/usr/lib/system/libsystem_c.dylib
0x000000000ad84000 	/usr/lib/system/libsystem_configuration.dylib
0x000000000ad84000 	/usr/lib/system/libsystem_coreservices.dylib
0x000000000ad84000 	/usr/lib/system/libsystem_darwin.dylib
0x000000000ad84000 	/usr/lib/system/libsystem_dnssd.dylib
0x000000000ad84000 	/usr/lib/system/libsystem_info.dylib
0x000000000ad84000 	/usr/lib/system/libsystem_m.dylib
0x000000000ad84000 	/usr/lib/system/libsystem_malloc.dylib
0x000000000ad84000 	/usr/lib/system/libsystem_networkextension.dylib
0x000000000ad84000 	/usr/lib/system/libsystem_notify.dylib
0x000000000ad84000 	/usr/lib/system/libsystem_sandbox.dylib
0x000000000ad84000 	/usr/lib/system/libsystem_secinit.dylib
0x000000000ad84000 	/usr/lib/system/libsystem_kernel.dylib
0x000000000ad84000 	/usr/lib/system/libsystem_platform.dylib
0x000000000ad84000 	/usr/lib/system/libsystem_pthread.dylib
0x000000000ad84000 	/usr/lib/system/libsystem_symptoms.dylib
0x000000000ad84000 	/usr/lib/system/libsystem_trace.dylib
0x000000000ad84000 	/usr/lib/system/libunwind.dylib
0x000000000ad84000 	/usr/lib/system/libxpc.dylib
0x000000000ad84000 	/usr/lib/libbsm.0.dylib
0x000000000ad84000 	/usr/lib/system/libkxld.dylib
0x000000000ad84000 	/System/Library/PrivateFrameworks/AppleFSCompression.framework/Versions/A/AppleFSCompression
0x000000000ad84000 	/usr/lib/libOpenScriptingUtil.dylib
0x000000000ad84000 	/usr/lib/libcoretls.dylib
0x000000000ad84000 	/usr/lib/libcoretls_cfhelpers.dylib
0x000000000ad84000 	/usr/lib/libpam.2.dylib
0x000000000ad84000 	/usr/lib/libsqlite3.dylib
0x000000000ad84000 	/usr/lib/libxar.1.dylib
0x000000000ad84000 	/usr/lib/libbz2.1.0.dylib
0x000000000ad84000 	/usr/lib/liblzma.5.dylib
0x000000000ad84000 	/usr/lib/libnetwork.dylib
0x000000000ad84000 	/usr/lib/libapple_nghttp2.dylib
0x000000000ad84000 	/usr/lib/libpcap.A.dylib
0x000000000ad84000 	/System/Library/Frameworks/CoreServices.framework/Versions/A/Frameworks/FSEvents.framework/Versions/A/FSEvents
0x000000000ad84000 	/System/Library/Frameworks/CoreServices.framework/Versions/A/Frameworks/CarbonCore.framework/Versions/A/CarbonCore
0x000000000ad84000 	/System/Library/Frameworks/CoreServices.framework/Versions/A/Frameworks/Metadata.framework/Versions/A/Metadata
0x000000000ad84000 	/System/Library/Frameworks/CoreServices.framework/Versions/A/Frameworks/OSServices.framework/Versions/A/OSServices
0x000000000ad84000 	/System/Library/Frameworks/CoreServices.framework/Versions/A/Frameworks/SearchKit.framework/Versions/A/SearchKit
0x000000000ad84000 	/System/Library/Frameworks/CoreServices.framework/Versions/A/Frameworks/AE.framework/Versions/A/AE
0x000000000ad84000 	/System/Library/Frameworks/CoreServices.framework/Versions/A/Frameworks/LaunchServices.framework/Versions/A/LaunchServices
0x000000000ad84000 	/System/Library/Frameworks/CoreServices.framework/Versions/A/Frameworks/DictionaryServices.framework/Versions/A/DictionaryServices
0x000000000ad84000 	/System/Library/Frameworks/CoreServices.framework/Versions/A/Frameworks/SharedFileList.framework/Versions/A/SharedFileList
0x000000000ad84000 	/System/Library/Frameworks/NetFS.framework/Versions/A/NetFS
0x000000000ad84000 	/System/Library/PrivateFrameworks/NetAuth.framework/Versions/A/NetAuth
0x000000000ad84000 	/System/Library/PrivateFrameworks/login.framework/Versions/A/Frameworks/loginsupport.framework/Versions/A/loginsupport
0x000000000ad84000 	/System/Library/PrivateFrameworks/TCC.framework/Versions/A/TCC
0x000000000ad84000 	/System/Library/PrivateFrameworks/CoreNLP.framework/Versions/A/CoreNLP
0x000000000ad84000 	/System/Library/PrivateFrameworks/MetadataUtilities.framework/Versions/A/MetadataUtilities
0x000000000ad84000 	/usr/lib/libmecabra.dylib
0x000000000ad84000 	/System/Library/Frameworks/ApplicationServices.framework/Versions/A/Frameworks/ATS.framework/Versions/A/ATS
0x000000000ad84000 	/System/Library/Frameworks/ApplicationServices.framework/Versions/A/Frameworks/ColorSyncLegacy.framework/Versions/A/ColorSyncLegacy
0x000000000ad84000 	/System/Library/Frameworks/ApplicationServices.framework/Versions/A/Frameworks/HIServices.framework/Versions/A/HIServices
0x000000000ad84000 	/System/Library/Frameworks/ApplicationServices.framework/Versions/A/Frameworks/LangAnalysis.framework/Versions/A/LangAnalysis
0x000000000ad84000 	/System/Library/Frameworks/ApplicationServices.framework/Versions/A/Frameworks/PrintCore.framework/Versions/A/PrintCore
0x000000000ad84000 	/System/Library/Frameworks/ApplicationServices.framework/Versions/A/Frameworks/QD.framework/Versions/A/QD
0x000000000ad84000 	/System/Library/Frameworks/ApplicationServices.framework/Versions/A/Frameworks/SpeechSynthesis.framework/Versions/A/SpeechSynthesis
0x000000000ad84000 	/usr/lib/libcompression.dylib
0x000000000ad84000 	/System/Library/Frameworks/MetalPerformanceShaders.framework/Versions/A/MetalPerformanceShaders
0x000000000ad84000 	/System/Library/Frameworks/Accelerate.framework/Versions/A/Frameworks/vImage.framework/Versions/A/vImage
0x000000000ad84000 	/System/Library/Frameworks/Accelerate.framework/Versions/A/Frameworks/vecLib.framework/Versions/A/vecLib
0x000000000ad84000 	/System/Library/Frameworks/Accelerate.framework/Versions/A/Frameworks/vecLib.framework/Versions/A/libvMisc.dylib
0x000000000ad84000 	/System/Library/Frameworks/Accelerate.framework/Versions/A/Frameworks/vecLib.framework/Versions/A/libvDSP.dylib
0x000000000ad84000 	/System/Library/Frameworks/Accelerate.framework/Versions/A/Frameworks/vecLib.framework/Versions/A/libBLAS.dylib
0x000000000ad84000 	/System/Library/Frameworks/Accelerate.framework/Versions/A/Frameworks/vecLib.framework/Versions/A/libLAPACK.dylib
0x000000000ad84000 	/System/Library/Frameworks/Accelerate.framework/Versions/A/Frameworks/vecLib.framework/Versions/A/libLinearAlgebra.dylib
0x000000000ad84000 	/System/Library/Frameworks/Accelerate.framework/Versions/A/Frameworks/vecLib.framework/Versions/A/libSparseBLAS.dylib
0x000000000ad84000 	/System/Library/Frameworks/Accelerate.framework/Versions/A/Frameworks/vecLib.framework/Versions/A/libQuadrature.dylib
0x000000000ad84000 	/System/Library/Frameworks/Accelerate.framework/Versions/A/Frameworks/vecLib.framework/Versions/A/libBNNS.dylib
0x000000000ad84000 	/System/Library/Frameworks/Accelerate.framework/Versions/A/Frameworks/vecLib.framework/Versions/A/libSparse.dylib
0x000000000ad84000 	/System/Library/PrivateFrameworks/GPUWrangler.framework/Versions/A/GPUWrangler
0x000000000ad84000 	/System/Library/PrivateFrameworks/IOAccelerator.framework/Versions/A/IOAccelerator
0x000000000ad84000 	/System/Library/PrivateFrameworks/IOPresentment.framework/Versions/A/IOPresentment
0x000000000ad84000 	/System/Library/PrivateFrameworks/DSExternalDisplay.framework/Versions/A/DSExternalDisplay
0x000000000ad84000 	/System/Library/Frameworks/OpenGL.framework/Versions/A/Libraries/libCoreFSCache.dylib
0x000000000ad84000 	/System/Library/Frameworks/MetalPerformanceShaders.framework/Frameworks/MPSCore.framework/Versions/A/MPSCore
0x000000000ad84000 	/System/Library/Frameworks/MetalPerformanceShaders.framework/Frameworks/MPSImage.framework/Versions/A/MPSImage
0x000000000ad84000 	/System/Library/Frameworks/MetalPerformanceShaders.framework/Frameworks/MPSNeuralNetwork.framework/Versions/A/MPSNeuralNetwork
0x000000000ad84000 	/System/Library/Frameworks/MetalPerformanceShaders.framework/Frameworks/MPSMatrix.framework/Versions/A/MPSMatrix
0x000000000ad84000 	/System/Library/Frameworks/MetalPerformanceShaders.framework/Frameworks/MPSRayIntersector.framework/Versions/A/MPSRayIntersector
0x000000000ad84000 	/System/Library/PrivateFrameworks/MetalTools.framework/Versions/A/MetalTools
0x000000000ad84000 	/System/Library/PrivateFrameworks/AggregateDictionary.framework/Versions/A/AggregateDictionary
0x000000000ad84000 	/usr/lib/libMobileGestalt.dylib
0x000000000ad84000 	/System/Library/Frameworks/CoreVideo.framework/Versions/A/CoreVideo
0x000000000ad84000 	/System/Library/PrivateFrameworks/GraphVisualizer.framework/Versions/A/GraphVisualizer
0x000000000ad84000 	/System/Library/PrivateFrameworks/FaceCore.framework/Versions/A/FaceCore
0x000000000ad84000 	/System/Library/Frameworks/OpenCL.framework/Versions/A/OpenCL
0x000000000ad84000 	/usr/lib/libFosl_dynamic.dylib
0x000000000ad84000 	/System/Library/PrivateFrameworks/OTSVG.framework/Versions/A/OTSVG
0x000000000ad84000 	/System/Library/Frameworks/ApplicationServices.framework/Versions/A/Frameworks/ATS.framework/Versions/A/Resources/libFontParser.dylib
0x000000000ad84000 	/System/Library/Frameworks/ApplicationServices.framework/Versions/A/Frameworks/ATS.framework/Versions/A/Resources/libFontRegistry.dylib
0x000000000ad84000 	/System/Library/Frameworks/ImageIO.framework/Versions/A/Resources/libJPEG.dylib
0x000000000ad84000 	/System/Library/Frameworks/ImageIO.framework/Versions/A/Resources/libTIFF.dylib
0x000000000ad84000 	/System/Library/Frameworks/ImageIO.framework/Versions/A/Resources/libPng.dylib
0x000000000ad84000 	/System/Library/Frameworks/ImageIO.framework/Versions/A/Resources/libGIF.dylib
0x000000000ad84000 	/System/Library/Frameworks/ImageIO.framework/Versions/A/Resources/libJP2.dylib
0x000000000ad84000 	/System/Library/Frameworks/ImageIO.framework/Versions/A/Resources/libRadiance.dylib
0x000000000ad84000 	/System/Library/PrivateFrameworks/AppleJPEG.framework/Versions/A/AppleJPEG
0x000000000ad84000 	/System/Library/Frameworks/OpenGL.framework/Versions/A/Libraries/libGFXShared.dylib
0x000000000ad84000 	/System/Library/Frameworks/OpenGL.framework/Versions/A/Libraries/libGLU.dylib
0x000000000ad84000 	/System/Library/Frameworks/OpenGL.framework/Versions/A/Libraries/libGL.dylib
0x000000000ad84000 	/System/Library/Frameworks/OpenGL.framework/Versions/A/Libraries/libGLImage.dylib
0x000000000ad84000 	/System/Library/Frameworks/OpenGL.framework/Versions/A/Libraries/libCVMSPluginSupport.dylib
0x000000000ad84000 	/System/Library/Frameworks/OpenGL.framework/Versions/A/Libraries/libCoreVMClient.dylib
0x000000000ad84000 	/usr/lib/libcups.2.dylib
0x000000000ad84000 	/System/Library/Frameworks/Kerberos.framework/Versions/A/Kerberos
0x000000000ad84000 	/System/Library/Frameworks/GSS.framework/Versions/A/GSS
0x000000000ad84000 	/usr/lib/libresolv.9.dylib
0x000000000ad84000 	/usr/lib/libiconv.2.dylib
0x000000000ad84000 	/System/Library/PrivateFrameworks/Heimdal.framework/Versions/A/Heimdal
0x000000000ad84000 	/usr/lib/libheimdal-asn1.dylib
0x000000000ad84000 	/System/Library/Frameworks/OpenDirectory.framework/Versions/A/OpenDirectory
0x000000000ad84000 	/System/Library/PrivateFrameworks/CommonAuth.framework/Versions/A/CommonAuth
0x000000000ad84000 	/System/Library/Frameworks/OpenDirectory.framework/Versions/A/Frameworks/CFOpenDirectory.framework/Versions/A/CFOpenDirectory
0x000000000ad84000 	/System/Library/Frameworks/SecurityFoundation.framework/Versions/A/SecurityFoundation
0x000000000ad84000 	/System/Library/PrivateFrameworks/APFS.framework/Versions/A/APFS
0x000000000ad84000 	/usr/lib/libutil.dylib
0x000000000ad84000 	/usr/lib/libcharset.1.dylib
0x000000000ad84000 	/System/Library/PrivateFrameworks/AppleSauce.framework/Versions/A/AppleSauce
0x000000000ad84000 	/System/Library/PrivateFrameworks/AssertionServices.framework/Versions/A/AssertionServices
0x000000000ad84000 	/System/Library/PrivateFrameworks/BaseBoard.framework/Versions/A/BaseBoard
0x000000000ad84000 	/usr/lib/libmecab.1.0.0.dylib
0x000000000ad84000 	/usr/lib/libgermantok.dylib
0x000000000ad84000 	/usr/lib/libThaiTokenizer.dylib
0x000000000ad84000 	/usr/lib/libChineseTokenizer.dylib
0x000000000ad84000 	/System/Library/PrivateFrameworks/LanguageModeling.framework/Versions/A/LanguageModeling
0x000000000ad84000 	/System/Library/PrivateFrameworks/CoreEmoji.framework/Versions/A/CoreEmoji
0x000000000ad84000 	/System/Library/PrivateFrameworks/Lexicon.framework/Versions/A/Lexicon
0x000000000ad84000 	/System/Library/PrivateFrameworks/LinguisticData.framework/Versions/A/LinguisticData
0x000000000ad84000 	/usr/lib/libcmph.dylib
0x000000000ad84000 	/System/Library/Frameworks/ServiceManagement.framework/Versions/A/ServiceManagement
0x000000000ad84000 	/System/Library/PrivateFrameworks/BackgroundTaskManagement.framework/Versions/A/BackgroundTaskManagement
0x000000000ad84000 	/usr/lib/libxslt.1.dylib
0x000000000ad84000 	/System/Library/Frameworks/Carbon.framework/Versions/A/Frameworks/Ink.framework/Versions/A/Ink
0x000000000ad84000 	/System/Library/PrivateFrameworks/TextureIO.framework/Versions/A/TextureIO
0x000000000ad84000 	/usr/lib/libate.dylib
0x000000000ad84000 	/System/Library/PrivateFrameworks/CrashReporterSupport.framework/Versions/A/CrashReporterSupport
0x000000000ad84000 	/System/Library/PrivateFrameworks/Sharing.framework/Versions/A/Sharing
0x000000000ad84000 	/System/Library/PrivateFrameworks/AuthKit.framework/Versions/A/AuthKit
0x000000000ad84000 	/System/Library/PrivateFrameworks/Apple80211.framework/Versions/A/Apple80211
0x000000000ad84000 	/System/Library/PrivateFrameworks/CoreUtils.framework/Versions/A/CoreUtils
0x000000000ad84000 	/System/Library/Frameworks/CoreWLAN.framework/Versions/A/CoreWLAN
0x000000000ad84000 	/System/Library/Frameworks/IOBluetooth.framework/Versions/A/IOBluetooth
0x000000000ad84000 	/System/Library/PrivateFrameworks/ProtocolBuffer.framework/Versions/A/ProtocolBuffer
0x000000000ad84000 	/System/Library/PrivateFrameworks/MobileKeyBag.framework/Versions/A/MobileKeyBag
0x000000000ad84000 	/System/Library/PrivateFrameworks/CorePhoneNumbers.framework/Versions/A/CorePhoneNumbers
0x000000000ad84000 	/System/Library/PrivateFrameworks/AppleIDAuthSupport.framework/Versions/A/AppleIDAuthSupport
0x000000000ad84000 	/System/Library/PrivateFrameworks/KeychainCircle.framework/Versions/A/KeychainCircle
0x000000000ad84000 	/System/Library/PrivateFrameworks/ROCKit.framework/Versions/A/ROCKit
0x000000000ad84000 	/System/Library/PrivateFrameworks/CoreWiFi.framework/Versions/A/CoreWiFi
0x000000000ad84000 	/System/Library/Frameworks/CoreBluetooth.framework/Versions/A/CoreBluetooth
0x000000000ad84000 	/System/Library/PrivateFrameworks/DebugSymbols.framework/Versions/A/DebugSymbols
0x000000000ad84000 	/System/Library/PrivateFrameworks/CoreSymbolication.framework/Versions/A/CoreSymbolication
0x000000000ad84000 	/System/Library/PrivateFrameworks/Symbolication.framework/Versions/A/Symbolication
0x000000000ad84000 	/System/Library/PrivateFrameworks/SpeechRecognitionCore.framework/Versions/A/SpeechRecognitionCore
0x000000010a600000 	/Library/Java/JavaVirtualMachines/jdk1.8.0_101.jdk/Contents/Home/jre/lib/server/libjvm.dylib
0x000000000ad84000 	/usr/lib/libstdc++.6.dylib
0x00000001095a9000 	/Library/Java/JavaVirtualMachines/jdk1.8.0_101.jdk/Contents/Home/jre/lib/libverify.dylib
0x00000001095b7000 	/Library/Java/JavaVirtualMachines/jdk1.8.0_101.jdk/Contents/Home/jre/lib/libjava.dylib
0x000000010b59d000 	/Library/Java/JavaVirtualMachines/jdk1.8.0_101.jdk/Contents/Home/jre/lib/libjdwp.dylib
0x00000001095ed000 	/Library/Java/JavaVirtualMachines/jdk1.8.0_101.jdk/Contents/Home/jre/lib/libnpt.dylib
0x000000010b5e8000 	/Library/Java/JavaVirtualMachines/jdk1.8.0_101.jdk/Contents/Home/jre/lib/libinstrument.dylib
0x000000010b67c000 	/Library/Java/JavaVirtualMachines/jdk1.8.0_101.jdk/Contents/Home/jre/lib/libzip.dylib
0x000000000ad84000 	/System/Library/Frameworks/JavaVM.framework/Versions/A/Frameworks/JavaRuntimeSupport.framework/Versions/A/JavaRuntimeSupport
0x000000000ad84000 	/System/Library/Frameworks/JavaVM.framework/Versions/A/Frameworks/JavaNativeFoundation.framework/Versions/A/JavaNativeFoundation
0x000000000ad84000 	/System/Library/Frameworks/JavaVM.framework/Versions/A/JavaVM
0x000000000ad84000 	/System/Library/Frameworks/Carbon.framework/Versions/A/Carbon
0x000000000ad84000 	/System/Library/PrivateFrameworks/JavaLaunching.framework/Versions/A/JavaLaunching
0x000000000ad84000 	/System/Library/Frameworks/Carbon.framework/Versions/A/Frameworks/CommonPanels.framework/Versions/A/CommonPanels
0x000000000ad84000 	/System/Library/Frameworks/Carbon.framework/Versions/A/Frameworks/Help.framework/Versions/A/Help
0x000000000ad84000 	/System/Library/Frameworks/Carbon.framework/Versions/A/Frameworks/ImageCapture.framework/Versions/A/ImageCapture
0x000000000ad84000 	/System/Library/Frameworks/Carbon.framework/Versions/A/Frameworks/OpenScripting.framework/Versions/A/OpenScripting
0x000000000ad84000 	/System/Library/Frameworks/Carbon.framework/Versions/A/Frameworks/Print.framework/Versions/A/Print
0x000000000ad84000 	/System/Library/Frameworks/Carbon.framework/Versions/A/Frameworks/SecurityHI.framework/Versions/A/SecurityHI
0x00000001267ff000 	/Library/Java/JavaVirtualMachines/jdk1.8.0_101.jdk/Contents/Home/jre/lib/libdt_socket.dylib
0x00000001285aa000 	/Library/Java/JavaVirtualMachines/jdk1.8.0_101.jdk/Contents/Home/jre/lib/libmanagement.dylib
0x0000000128631000 	/Library/Java/JavaVirtualMachines/jdk1.8.0_101.jdk/Contents/Home/jre/lib/libnet.dylib
0x0000000128648000 	/Library/Java/JavaVirtualMachines/jdk1.8.0_101.jdk/Contents/Home/jre/lib/libnio.dylib
0x0000000128a10000 	/Library/Java/JavaVirtualMachines/jdk1.8.0_101.jdk/Contents/Home/jre/lib/libsunec.dylib

VM Arguments:
jvm_args: -agentlib:jdwp=transport=dt_socket,suspend=y,address=localhost:50381 -javaagent:/Applications/Eclipse 3.app/Contents/Eclipse/configuration/org.eclipse.osgi/1400/0/.cp/lib/javaagent-shaded.jar -Dfile.encoding=UTF-8 
java_command: com.tracker.price.PriceApplication
java_class_path (initial): /Library/Java/JavaVirtualMachines/jdk1.8.0_101.jdk/Contents/Home/jre/lib/resources.jar:/Library/Java/JavaVirtualMachines/jdk1.8.0_101.jdk/Contents/Home/jre/lib/rt.jar:/Library/Java/JavaVirtualMachines/jdk1.8.0_101.jdk/Contents/Home/jre/lib/jsse.jar:/Library/Java/JavaVirtualMachines/jdk1.8.0_101.jdk/Contents/Home/jre/lib/jce.jar:/Library/Java/JavaVirtualMachines/jdk1.8.0_101.jdk/Contents/Home/jre/lib/charsets.jar:/Library/Java/JavaVirtualMachines/jdk1.8.0_101.jdk/Contents/Home/jre/lib/jfr.jar:/Library/Java/JavaVirtualMachines/jdk1.8.0_101.jdk/Contents/Home/jre/lib/ext/sunec.jar:/Library/Java/JavaVirtualMachines/jdk1.8.0_101.jdk/Contents/Home/jre/lib/ext/nashorn.jar:/Library/Java/JavaVirtualMachines/jdk1.8.0_101.jdk/Contents/Home/jre/lib/ext/cldrdata.jar:/Library/Java/JavaVirtualMachines/jdk1.8.0_101.jdk/Contents/Home/jre/lib/ext/jfxrt.jar:/Library/Java/JavaVirtualMachines/jdk1.8.0_101.jdk/Contents/Home/jre/lib/ext/dnsns.jar:/Library/Java/JavaVirtualMachines/jdk1.8.0_101.jdk/Contents/Home/jre/lib/ext/localedata.jar:/Library/Java/JavaVirtualMachines/jdk1.8.0_101.jdk/Contents/Home/jre/lib/ext/sunjce_provider.jar:/Library/Java/JavaVirtualMachines/jdk1.8.0_101.jdk/Contents/Home/jre/lib/ext/sunpkcs11.jar:/Library/Java/JavaVirtualMachines/jdk1.8.0_101.jdk/Contents/Home/jre/lib/ext/jaccess.jar:/Library/Java/JavaVirtualMachines/jdk1.8.0_101.jdk/Contents/Home/jre/lib/ext/zipfs.jar:/System/Library/Java/Extensions/MRJToolkit.jar:/Users/Tshili/Documents/Project/price/target/classes:/Users/Tshili/.m2/repository/org/seleniumhq/selenium/selenium-java/3.141.59/selenium-java-3.141.59.jar:/Users/Tshili/.m2/repository/org/seleniumhq/selenium/selenium-api/3.14.0/selenium-api-3.14.0.jar:/Users/Tshili/.m2/repository/org/seleniumhq/selenium/selenium-edge-driver/3.14.0/selenium-edge-driver-3.14.0.jar:/Users/Tshili/.m2/repository/commons-codec/commons-codec/1.11/commons-codec-1.11.jar:/Users/Tshili/.m2/repository/commons-logging/commons-logging/1.2/commons-logging
Launcher Type: SUN_STANDARD

Environment Variables:
PATH=/usr/bin:/bin:/usr/sbin:/sbin
SHELL=/bin/zsh

Signal Handlers:
SIGSEGV: [libjvm.dylib+0x5af145], sa_mask[0]=11111111011111110111111111111111, sa_flags=SA_ONSTACK|SA_RESTART|SA_SIGINFO
SIGBUS: [libjvm.dylib+0x5af145], sa_mask[0]=11111111011111110111111111111111, sa_flags=SA_RESTART|SA_SIGINFO
SIGFPE: [libjvm.dylib+0x48694c], sa_mask[0]=11111111011111110111111111111111, sa_flags=SA_RESTART|SA_SIGINFO
SIGPIPE: [libjvm.dylib+0x48694c], sa_mask[0]=11111111011111110111111111111111, sa_flags=SA_RESTART|SA_SIGINFO
SIGXFSZ: [libjvm.dylib+0x48694c], sa_mask[0]=11111111011111110111111111111111, sa_flags=SA_RESTART|SA_SIGINFO
SIGILL: [libjvm.dylib+0x48694c], sa_mask[0]=11111111011111110111111111111111, sa_flags=SA_RESTART|SA_SIGINFO
SIGUSR1: SIG_DFL, sa_mask[0]=00000000000000000000000000000000, sa_flags=none
SIGUSR2: [libjvm.dylib+0x48646a], sa_mask[0]=00100000000000000000000000000000, sa_flags=SA_RESTART|SA_SIGINFO
SIGHUP: [libjvm.dylib+0x484a41], sa_mask[0]=11111111011111110111111111111111, sa_flags=SA_RESTART|SA_SIGINFO
SIGINT: [libjvm.dylib+0x484a41], sa_mask[0]=11111111011111110111111111111111, sa_flags=SA_RESTART|SA_SIGINFO
SIGTERM: [libjvm.dylib+0x484a41], sa_mask[0]=11111111011111110111111111111111, sa_flags=SA_RESTART|SA_SIGINFO
SIGQUIT: [libjvm.dylib+0x484a41], sa_mask[0]=11111111011111110111111111111111, sa_flags=SA_RESTART|SA_SIGINFO


---------------  S Y S T E M  ---------------

OS:Bsduname:Darwin 18.7.0 Darwin Kernel Version 18.7.0: Tue Aug 20 16:57:14 PDT 2019; root:xnu-4903.271.2~2/RELEASE_X86_64 x86_64
rlimit: STACK 8192k, CORE 0k, NPROC 1418, NOFILE 10240, AS infinity
load average:2.14 2.20 2.29

CPU:total 8 (4 cores per cpu, 2 threads per core) family 6 model 70 stepping 1, cmov, cx8, fxsr, mmx, sse, sse2, sse3, ssse3, sse4.1, sse4.2, popcnt, avx, avx2, aes, clmul, erms, lzcnt, ht, tsc, tscinvbit, bmi1, bmi2

Memory: 4k page, physical 16777216k(394396k free)

/proc/meminfo:


vm_info: Java HotSpot(TM) 64-Bit Server VM (25.101-b13) for bsd-amd64 JRE (1.8.0_101-b13), built on Jun 22 2016 02:42:15 by "java_re" with gcc 4.2.1 (Based on Apple Inc. build 5658) (LLVM build 2336.11.00)

time: Mon Sep 30 11:30:32 2019
elapsed time: 407 seconds (0d 0h 6m 47s)

